0 info it worked if it ends with ok
1 verbose cli [ '/usr/bin/node', '/usr/bin/npm', 'install' ]
2 info using npm@1.4.28
3 info using node@v0.10.37
4 verbose node symlink /usr/bin/node
5 warn package.json ODRSA-UI@1.0.0 No repository field.
6 verbose readDependencies using package.json deps
7 verbose install where, deps [ '/home/gunjan/odrsa/odrsa-ui',
7 verbose install   [ 'grunt',
7 verbose install     'grunt-contrib-concat',
7 verbose install     'grunt-contrib-copy',
7 verbose install     'grunt-contrib-jshint',
7 verbose install     'grunt-contrib-nodeunit',
7 verbose install     'grunt-contrib-uglify',
7 verbose install     'grunt-contrib-watch',
7 verbose install     'grunt-jsdoc',
7 verbose install     'grunt-exec',
7 verbose install     'grunt-karma',
7 verbose install     'karma',
7 verbose install     'karma-jasmine',
7 verbose install     'karma-phantomjs-launcher' ] ]
8 info preinstall ODRSA-UI@1.0.0
9 verbose readDependencies using package.json deps
10 verbose already installed skipping grunt@0.4.2 /home/gunjan/odrsa/odrsa-ui
11 verbose already installed skipping grunt-contrib-concat@0.3.0 /home/gunjan/odrsa/odrsa-ui
12 verbose already installed skipping grunt-contrib-copy@0.5.0 /home/gunjan/odrsa/odrsa-ui
13 verbose already installed skipping grunt-contrib-jshint@0.8.0 /home/gunjan/odrsa/odrsa-ui
14 verbose already installed skipping grunt-contrib-nodeunit@0.3.0 /home/gunjan/odrsa/odrsa-ui
15 verbose already installed skipping grunt-contrib-uglify@0.2.2 /home/gunjan/odrsa/odrsa-ui
16 verbose already installed skipping grunt-contrib-watch@0.5.3 /home/gunjan/odrsa/odrsa-ui
17 verbose already installed skipping grunt-jsdoc@0.5.4 /home/gunjan/odrsa/odrsa-ui
18 verbose already installed skipping grunt-exec@0.4.5 /home/gunjan/odrsa/odrsa-ui
19 verbose already installed skipping grunt-karma@0.8.3 /home/gunjan/odrsa/odrsa-ui
20 verbose already installed skipping karma@0.12.16 /home/gunjan/odrsa/odrsa-ui
21 verbose already installed skipping karma-jasmine@0.1.5 /home/gunjan/odrsa/odrsa-ui
22 verbose already installed skipping karma-phantomjs-launcher@0.1.4 /home/gunjan/odrsa/odrsa-ui
23 silly resolved []
24 info build /home/gunjan/odrsa/odrsa-ui
25 verbose linkStuff [ false, false, false, '/home/gunjan/odrsa' ]
26 info linkStuff ODRSA-UI@1.0.0
27 verbose linkBins ODRSA-UI@1.0.0
28 verbose linkMans ODRSA-UI@1.0.0
29 verbose rebuildBundles ODRSA-UI@1.0.0
30 verbose rebuildBundles [ '.bin',
30 verbose rebuildBundles   'bower',
30 verbose rebuildBundles   'grunt',
30 verbose rebuildBundles   'grunt-contrib-concat',
30 verbose rebuildBundles   'grunt-contrib-copy',
30 verbose rebuildBundles   'grunt-contrib-jshint',
30 verbose rebuildBundles   'grunt-contrib-nodeunit',
30 verbose rebuildBundles   'grunt-contrib-uglify',
30 verbose rebuildBundles   'grunt-contrib-watch',
30 verbose rebuildBundles   'grunt-exec',
30 verbose rebuildBundles   'grunt-jsdoc',
30 verbose rebuildBundles   'grunt-karma',
30 verbose rebuildBundles   'karma',
30 verbose rebuildBundles   'karma-jasmine',
30 verbose rebuildBundles   'karma-phantomjs-launcher' ]
31 verbose rebuild bundle /home/gunjan/odrsa/odrsa-ui/node_modules/bower
32 info build /home/gunjan/odrsa/odrsa-ui/node_modules/bower
33 info preinstall bower@1.7.9
34 verbose linkStuff [ false,
34 verbose linkStuff   false,
34 verbose linkStuff   false,
34 verbose linkStuff   '/home/gunjan/odrsa/odrsa-ui/node_modules' ]
35 info linkStuff bower@1.7.9
36 verbose linkBins bower@1.7.9
37 verbose link bins [ { bower: 'bin/bower' },
37 verbose link bins   '/home/gunjan/odrsa/odrsa-ui/node_modules/.bin',
37 verbose link bins   false ]
38 verbose linkMans bower@1.7.9
39 verbose rebuildBundles bower@1.7.9
40 error Error: EACCES, unlink '/home/gunjan/odrsa/odrsa-ui/node_modules/.bin/bower'
40 error  { [Error: EACCES, unlink '/home/gunjan/odrsa/odrsa-ui/node_modules/.bin/bower']
40 error   errno: 3,
40 error   code: 'EACCES',
40 error   path: '/home/gunjan/odrsa/odrsa-ui/node_modules/.bin/bower' }
41 error Please try running this command again as root/Administrator.
42 error System Linux 3.5.0-61-generic
43 error command "/usr/bin/node" "/usr/bin/npm" "install"
44 error cwd /home/gunjan/odrsa/odrsa-ui
45 error node -v v0.10.37
46 error npm -v 1.4.28
47 error path /home/gunjan/odrsa/odrsa-ui/node_modules/.bin/bower
48 error code EACCES
49 error errno 3
50 error stack Error: EACCES, unlink '/home/gunjan/odrsa/odrsa-ui/node_modules/.bin/bower'
51 verbose exit [ 3, true ]
